<?xml version="1.0" encoding="UTF-8"?>
<!-- Generated by org.testng.reporters.JUnitXMLReporter -->
<testsuite hostname="AASHYD-4B6B2X2" ignored="17" name="Default test" tests="1" failures="1" timestamp="2021-11-16T17:24:06 IST" time="33.416" errors="0">
  <testcase name="LOGIN_005" time="24.795" classname="com.avs.testcases.LoginTest">
    <failure type="org.openqa.selenium.NoSuchElementException" message="An element could not be located on the page using the given search parameters. (WARNING: The server did not provide any stacktrace information)
Command duration or timeout: 0 milliseconds
For documentation on this error, please visit: https://www.seleniumhq.org/exceptions/no_such_element.html
Build info: version: &amp;apos;3.141.59&amp;apos;, revision: &amp;apos;e82be7d358&amp;apos;, time: &amp;apos;2018-11-14T08:17:03&amp;apos;
System info: host: &amp;apos;AASHYD-4B6B2X2&amp;apos;, ip: &amp;apos;192.168.29.7&amp;apos;, os.name: &amp;apos;Windows 10&amp;apos;, os.arch: &amp;apos;amd64&amp;apos;, os.version: &amp;apos;10.0&amp;apos;, java.version: &amp;apos;1.8.0_181&amp;apos;
Driver info: io.appium.java_client.windows.WindowsDriver
Capabilities {app: Kaye.NextGenValidator_tdxct..., javascriptEnabled: true, platform: WINDOWS, platformName: WINDOWS}
Session ID: 813EAB83-8673-491B-903E-E4059FD98537
*** Element info: {Using=name, value=ValProbe RT System}">
      <![CDATA[org.openqa.selenium.NoSuchElementException: An element could not be located on the page using the given search parameters. (WARNING: The server did not provide any stacktrace information)
Command duration or timeout: 0 milliseconds
For documentation on this error, please visit: https://www.seleniumhq.org/exceptions/no_such_element.html
Build info: version: '3.141.59', revision: 'e82be7d358', time: '2018-11-14T08:17:03'
System info: host: 'AASHYD-4B6B2X2', ip: '192.168.29.7', os.name: 'Windows 10', os.arch: 'amd64', os.version: '10.0', java.version: '1.8.0_181'
Driver info: io.appium.java_client.windows.WindowsDriver
Capabilities {app: Kaye.NextGenValidator_tdxct..., javascriptEnabled: true, platform: WINDOWS, platformName: WINDOWS}
Session ID: 813EAB83-8673-491B-903E-E4059FD98537
*** Element info: {Using=name, value=ValProbe RT System}
at sun.reflect.NativeConstructorAccessorImpl.newInstance0(Native Method)
at sun.reflect.NativeConstructorAccessorImpl.newInstance(Unknown Source)
at sun.reflect.DelegatingConstructorAccessorImpl.newInstance(Unknown Source)
at java.lang.reflect.Constructor.newInstance(Unknown Source)
at org.openqa.selenium.remote.ErrorHandler.createThrowable(ErrorHandler.java:214)
at org.openqa.selenium.remote.ErrorHandler.throwIfResponseFailed(ErrorHandler.java:166)
at org.openqa.selenium.remote.http.JsonHttpResponseCodec.reconstructValue(JsonHttpResponseCodec.java:40)
at org.openqa.selenium.remote.http.AbstractHttpResponseCodec.decode(AbstractHttpResponseCodec.java:80)
at org.openqa.selenium.remote.http.AbstractHttpResponseCodec.decode(AbstractHttpResponseCodec.java:44)
at org.openqa.selenium.remote.HttpCommandExecutor.execute(HttpCommandExecutor.java:158)
at io.appium.java_client.remote.AppiumCommandExecutor.execute(AppiumCommandExecutor.java:239)
at org.openqa.selenium.remote.RemoteWebDriver.execute(RemoteWebDriver.java:552)
at io.appium.java_client.DefaultGenericMobileDriver.execute(DefaultGenericMobileDriver.java:42)
at io.appium.java_client.AppiumDriver.execute(AppiumDriver.java:1)
at io.appium.java_client.windows.WindowsDriver.execute(WindowsDriver.java:1)
at org.openqa.selenium.remote.RemoteWebDriver.findElement(RemoteWebDriver.java:323)
at io.appium.java_client.DefaultGenericMobileDriver.findElement(DefaultGenericMobileDriver.java:62)
at io.appium.java_client.AppiumDriver.findElement(AppiumDriver.java:1)
at io.appium.java_client.windows.WindowsDriver.findElement(WindowsDriver.java:1)
at org.openqa.selenium.remote.RemoteWebDriver.findElementByName(RemoteWebDriver.java:404)
at io.appium.java_client.DefaultGenericMobileDriver.findElementByName(DefaultGenericMobileDriver.java:118)
at io.appium.java_client.AppiumDriver.findElementByName(AppiumDriver.java:1)
at io.appium.java_client.windows.WindowsDriver.findElementByName(WindowsDriver.java:1)
at com.avs.pages.MainHubPage.<init>(MainHubPage.java:21)
at com.avs.pages.LoginPage.Login(LoginPage.java:209)
at com.avs.testcases.LoginTest.LOGIN_005(LoginTest.java:184)
at sun.reflect.NativeMethodAccessorImpl.invoke0(Native Method)
at sun.reflect.NativeMethodAccessorImpl.invoke(Unknown Source)
at sun.reflect.DelegatingMethodAccessorImpl.invoke(Unknown Source)
at java.lang.reflect.Method.invoke(Unknown Source)
at org.testng.internal.MethodInvocationHelper.invokeMethod(MethodInvocationHelper.java:132)
at org.testng.internal.TestInvoker.invokeMethod(TestInvoker.java:599)
at org.testng.internal.TestInvoker.invokeTestMethod(TestInvoker.java:174)
at org.testng.internal.MethodRunner.runInSequence(MethodRunner.java:46)
at org.testng.internal.TestInvoker$MethodInvocationAgent.invoke(TestInvoker.java:822)
at org.testng.internal.TestInvoker.invokeTestMethods(TestInvoker.java:147)
at org.testng.internal.TestMethodWorker.invokeTestMethods(TestMethodWorker.java:146)
at org.testng.internal.TestMethodWorker.run(TestMethodWorker.java:128)
at java.util.ArrayList.forEach(Unknown Source)
at org.testng.TestRunner.privateRun(TestRunner.java:764)
at org.testng.TestRunner.run(TestRunner.java:585)
at org.testng.SuiteRunner.runTest(SuiteRunner.java:384)
at org.testng.SuiteRunner.runSequentially(SuiteRunner.java:378)
at org.testng.SuiteRunner.privateRun(SuiteRunner.java:337)
at org.testng.SuiteRunner.run(SuiteRunner.java:286)
at org.testng.SuiteRunnerWorker.runSuite(SuiteRunnerWorker.java:53)
at org.testng.SuiteRunnerWorker.run(SuiteRunnerWorker.java:96)
at org.testng.TestNG.runSuitesSequentially(TestNG.java:1218)
at org.testng.TestNG.runSuitesLocally(TestNG.java:1140)
at org.testng.TestNG.runSuites(TestNG.java:1069)
at org.testng.TestNG.run(TestNG.java:1037)
at org.testng.remote.AbstractRemoteTestNG.run(AbstractRemoteTestNG.java:115)
at org.testng.remote.RemoteTestNG.initAndRun(RemoteTestNG.java:251)
at org.testng.remote.RemoteTestNG.main(RemoteTestNG.java:77)
]]>
    </failure>
  </testcase> <!-- LOGIN_005 -->
  <testcase name="LOGIN_003" time="0.0" classname="com.avs.testcases.LoginTest">
    <ignored/>
  </testcase> <!-- LOGIN_003 -->
  <testcase name="LOGIN_014" time="0.0" classname="com.avs.testcases.LoginTest">
    <ignored/>
  </testcase> <!-- LOGIN_014 -->
  <testcase name="LOGIN_016" time="0.0" classname="com.avs.testcases.LoginTest">
    <ignored/>
  </testcase> <!-- LOGIN_016 -->
  <testcase name="LOGIN_002" time="0.0" classname="com.avs.testcases.LoginTest">
    <ignored/>
  </testcase> <!-- LOGIN_002 -->
  <testcase name="LOGIN_013" time="0.0" classname="com.avs.testcases.LoginTest">
    <ignored/>
  </testcase> <!-- LOGIN_013 -->
  <testcase name="LOGIN_010" time="0.0" classname="com.avs.testcases.LoginTest">
    <ignored/>
  </testcase> <!-- LOGIN_010 -->
  <testcase name="LOGIN_001" time="0.0" classname="com.avs.testcases.LoginTest">
    <ignored/>
  </testcase> <!-- LOGIN_001 -->
  <testcase name="LOGIN_012" time="0.0" classname="com.avs.testcases.LoginTest">
    <ignored/>
  </testcase> <!-- LOGIN_012 -->
  <testcase name="LOGIN_020" time="0.0" classname="com.avs.testcases.LoginTest">
    <ignored/>
  </testcase> <!-- LOGIN_020 -->
  <testcase name="LOGIN_017_018" time="0.0" classname="com.avs.testcases.LoginTest">
    <ignored/>
  </testcase> <!-- LOGIN_017_018 -->
  <testcase name="LOGIN_008" time="0.0" classname="com.avs.testcases.LoginTest">
    <ignored/>
  </testcase> <!-- LOGIN_008 -->
  <testcase name="LOGIN_019" time="0.0" classname="com.avs.testcases.LoginTest">
    <ignored/>
  </testcase> <!-- LOGIN_019 -->
  <testcase name="LOGIN_007" time="0.0" classname="com.avs.testcases.LoginTest">
    <ignored/>
  </testcase> <!-- LOGIN_007 -->
  <testcase name="LOGIN_004" time="0.0" classname="com.avs.testcases.LoginTest">
    <ignored/>
  </testcase> <!-- LOGIN_004 -->
  <testcase name="LOGIN_015" time="0.0" classname="com.avs.testcases.LoginTest">
    <ignored/>
  </testcase> <!-- LOGIN_015 -->
  <testcase name="LOGIN_009" time="0.0" classname="com.avs.testcases.LoginTest">
    <ignored/>
  </testcase> <!-- LOGIN_009 -->
  <testcase name="LOGIN_006" time="0.0" classname="com.avs.testcases.LoginTest">
    <ignored/>
  </testcase> <!-- LOGIN_006 -->
</testsuite> <!-- Default test -->
